C51 COMPILER V9.60.7.0   DEBUG                                                             12/30/2025 09:37:04 PAGE 1   


C51 COMPILER V9.60.7.0, COMPILATION OF MODULE DEBUG
OBJECT MODULE PLACED IN .\Release\Objects\debug.obj
COMPILER INVOKED BY: C:\Keil_v5\C51\BIN\C51.EXE ..\..\Libraries\Source\debug.c LARGE OPTIMIZE(8,SPEED) BROWSE INTVECTOR(
                    -0X000C) INCDIR(..\..\Libraries\Include;..\..\User) INTERVAL(3) DEBUG OBJECTEXTEND PRINT(.\Release\Listings\debug.lst) OB
                    -JECT(.\Release\Objects\debug.obj)

line level    source

   1          /**
   2            ******************************************************************************
   3            * @file    debug.c
   4            * @author  HUGE-IC Application Team
   5            * @version V1.0.0
   6            * @date    01-05-2021
   7            * @brief   This file contains the debug function.
   8            ******************************************************************************
   9            * @attention
  10            *
  11            * <h2><center>&copy; COPYRIGHT 2021 HUGE-IC</center></h2>
  12            *
  13            *
  14            *
  15            ******************************************************************************
  16            */ 
  17          
  18          /* Includes ------------------------------------------------------------------*/
  19          #include "include.h"
  20          
  21          /** @addtogroup Template_Project
  22            * @{
  23            */
  24            
  25          /* Private typedef -----------------------------------------------------------*/
  26          /* Private define ------------------------------------------------------------*/
  27          /* Private macro -------------------------------------------------------------*/
  28          /* Private variables ---------------------------------------------------------*/
  29          /* Private function prototypes -----------------------------------------------*/
  30          /* Private functions ---------------------------------------------------------*/
  31          
  32          #if DBG_PRINTF_EN
              // 重写puchar()函数
              char putchar(char c)
              {
                  while(!(UART1_STA & UART_TX_DONE(0x01)));
                  UART1_DATA = c;
              
                  return c;
              }
              #endif
  42          
  43          /**
  44            * @brief  Debug puchar function
  45            * @param  uart_data : Data that needs to be sent
  46            * @retval None
  47            */
  48          void debug_putchar(u8 uart_data)
  49          {
  50   1          while(!(UART1_STA & UART_TX_DONE(0x01)));
  51   1          UART1_DATA = uart_data;
  52   1          while(!(UART1_STA & UART_TX_DONE(0x01)));
  53   1      }
C51 COMPILER V9.60.7.0   DEBUG                                                             12/30/2025 09:37:04 PAGE 2   

  54          
  55          /**
  56            * @brief  Debug initialization function
  57            * @param  None
  58            * @retval None
  59            */
  60          void debug_init(void)
  61          {
  62   1          u8 i = 0;
  63   1          
  64   1          // TX---P30(R16)
  65   1          
  66   1          P2_MD0   &= ~GPIO_P21_MODE_SEL(0x03); 
  67   1          P2_MD0   |=  GPIO_P21_MODE_SEL(0x01); 
  68   1          FOUT_S21  =  GPIO_FOUT_UART1_TX;
  69   1      
  70   1          UART1_BAUD1 = (((SYSCLK-DEBUG_BAUD)/DEBUG_BAUD) >> 8) & 0xFF;
  71   1          UART1_BAUD0 =  ((SYSCLK-DEBUG_BAUD)/DEBUG_BAUD)       & 0xFF;
  72   1          UART1_CON0  = UART_EN(0x01);                                    // UART使能
  73   1      }
  74          
  75          /**
  76            * @brief  Debug User printf function
  77            * @param  p_data : The string to send
  78            * @retval None
  79            */
  80          void user_printf(char *p_data)
  81          {
  82   1          while(*p_data != '\0') {
  83   2              debug_putchar(*p_data++);
  84   2          }
  85   1      }
  86            
  87          
  88          /*************************** (C) COPYRIGHT 2021 HUGE-IC ***** END OF FILE *****/


MODULE INFORMATION:   STATIC OVERLAYABLE
   CODE SIZE        =     95    ----
   CONSTANT SIZE    =   ----    ----
   XDATA SIZE       =   ----       4
   PDATA SIZE       =   ----    ----
   DATA SIZE        =   ----    ----
   IDATA SIZE       =   ----    ----
   BIT SIZE         =   ----    ----
END OF MODULE INFORMATION.


C51 COMPILATION COMPLETE.  0 WARNING(S),  0 ERROR(S)
