C51 COMPILER V9.60.7.0   MY_TIMER                                                          12/30/2025 09:37:04 PAGE 1   


C51 COMPILER V9.60.7.0, COMPILATION OF MODULE MY_TIMER
OBJECT MODULE PLACED IN .\Release\Objects\my_timer.obj
COMPILER INVOKED BY: C:\Keil_v5\C51\BIN\C51.EXE ..\..\User\my_timer.c LARGE OPTIMIZE(8,SPEED) BROWSE INTVECTOR(0X000C) I
                    -NCDIR(..\..\Libraries\Include;..\..\User) INTERVAL(3) DEBUG OBJECTEXTEND PRINT(.\Release\Listings\my_timer.lst) OBJECT(.
                    -\Release\Objects\my_timer.obj)

line level    source

   1          #include "include.h"
   2          
   3          #include "temperature_adjust.h"
   4          
   5          // 1ms
   6          void timer0_init()
   7          {
   8   1          __EnableIRQ(TMR0_IRQn); // 使能timer0中断
   9   1          IE_EA = 1;              // 使能总中断
  10   1      
  11   1      #define PEROID_VAL (SYSCLK / 128 / 1000 - 1) // 周期值=系统时钟/分频/频率 - 1
  12   1          // 设置timer0的计数功能，配置一个频率为1kHz的中断
  13   1          TMR_ALLCON = TMR0_CNT_CLR(0x1);                        // 清除计数值
  14   1          TMR0_PRH = TMR_PERIOD_VAL_H((PEROID_VAL >> 8) & 0xFF); // 周期值
  15   1          TMR0_PRL = TMR_PERIOD_VAL_L((PEROID_VAL >> 0) & 0xFF);
  16   1          TMR0_CONH = TMR_PRD_PND(0x1) | TMR_PRD_IRQ_EN(0x1);                          // 计数等于周期时
             -许发生中断
  17   1          TMR0_CONL = TMR_SOURCE_SEL(0x7) | TMR_PRESCALE_SEL(0x7) | TMR_MODE_SEL(0x1); // 选择系统时钟，1
             -28分频，计数模式
  18   1      }
  19          
  20          extern void cap_timer(void);
  21          extern void l_pwr_timer_handler(void);
  22          extern void t_ctrl_timer_handler(void);
  23          extern void dly_pwr_on_handler(void);
  24          extern void ex_temp_adjust_timer();
  25          extern void adc_val();
  26          u16 ms_cnt = 0;
  27          void TIMR0_IRQHandler(void) interrupt TMR0_IRQn
  28          {
  29   1          // 进入中断设置IP，不可删除
  30   1          __IRQnIPnPush(TMR0_IRQn);
  31   1      
  32   1          // ---------------- 用户函数处理 -------------------
  33   1      
  34   1          // 周期中断
  35   1          if (TMR0_CONH & TMR_PRD_PND(0x1)) // 每1ms进入一次
  36   1          {
  37   2              TMR0_CONH |= TMR_PRD_PND(0x1); // 清除pending
  38   2      
  39   2              if (temperature_over_heat_cnt < 4294967295) // 防止计数溢出 
  40   2              {
  41   3                  if (TEMPERATURE_STATUS_OVER_HEAT_0MIN == cur_temperature_status)
  42   3                  {
  43   4                      // 如果检测到温度过热，才累计时间
  44   4                      temperature_over_heat_cnt++;
  45   4                  }
  46   3                  else
  47   3                  {
  48   4                      temperature_over_heat_cnt = 0;
  49   4                  }
  50   3              }
  51   2      
C51 COMPILER V9.60.7.0   MY_TIMER                                                          12/30/2025 09:37:04 PAGE 2   

  52   2              cap_timer();
  53   2              adc_val();
  54   2              ms_cnt++;
  55   2              if (ms_cnt >= 1000) // 测试
  56   2              {
  57   3                  ms_cnt = 0;
  58   3                  // ex_temp_adjust_timer();//过温降功率 max值由过温的决定
  59   3                  temperature_scan_isr();
  60   3                  t_ctrl_timer_handler();
  61   3                  l_pwr_timer_handler();
  62   3                  dly_pwr_on_handler();
  63   3              }
  64   2          }
  65   1      
  66   1          // 退出中断设置IP，不可删除
  67   1          __IRQnIPnPop(TMR0_IRQn);
  68   1      }
  69          
  70          void pwm_init(void)
  71          {
  72   1      // 配置TIMER4的PWM端口：P21--TMR4_PWM
  73   1      #if 0
                              P1_MD1   &= ~GPIO_P15_MODE_SEL(0x03);
                 P1_MD1   |=  GPIO_P15_MODE_SEL(0x01);
                 FOUT_S15  =  GPIO_FOUT_TMR2_PWMOUT;                         // 选择tmr4_pwm_o
              
              
                              P1_MD1   &= ~GPIO_P16_MODE_SEL(0x03);
                  P1_MD1   |=  GPIO_P16_MODE_SEL(0x01);
                  FOUT_S16  =  GPIO_FOUT_TMR2_PWMOUT;                         // 选择tmr4_pwm_o
              
              #define PEROID_PWM (SYSCLK / 8000 - 1) // 周期值=系统时钟/分频/频率 - 1
              
                  // 配置频率为1kHZ的PWM    PWM频率=系统时钟/分频/(周期值+1)
                  TMR_ALLCON = TMR2_CNT_CLR(0x1);                                                // 清除计数值
              
                  TMR2_PRH   = TMR_PERIOD_VAL_H((PEROID_PWM >> 8) & 0xFF);                       // 周期值
                  TMR2_PRL   = TMR_PERIOD_VAL_L((PEROID_PWM >> 0) & 0xFF);
              
              
                              
                  TMR2_PWMH  = TMR_PWM_VAL_H(((5999) >> 8) & 0xFF);                      // 占空比设置值
                  TMR2_PWML  = TMR_PWM_VAL_L(((5999) >> 0) & 0xFF);
              
                  TMR2_CONL  = TMR_SOURCE_SEL(0x7) | TMR_PRESCALE_SEL(0) | TMR_MODE_SEL(0x2);  // 选择系统时钟，1
             -28分频，PWM模式
              
                  TMR2_CONH  = TMR_PRD_PND(0x1)   | TMR_PRD_IRQ_EN(0x1);                         // 使能计数中断
              #endif
 100   1      
 101   1      #if 1
 102   1      
 103   1      #define STMR0_PEROID_VAL (SYSCLK / 8000 - 1)
 104   1          STMR0_PSC = STMR_PRESCALE_VAL(0x07);
 105   1          STMR0_PRH = STMR_PRD_VAL_H((STMR0_PEROID_VAL >> 8) & 0xFF);
 106   1          STMR0_PRL = STMR_PRD_VAL_L((STMR0_PEROID_VAL >> 0) & 0xFF);
 107   1          STMR0_CMPAH = STMR_CMPA_VAL_H(((0) >> 8) & 0xFF); // 比较值
 108   1          STMR0_CMPAL = STMR_CMPA_VAL_L(((0) >> 0) & 0xFF); // 比较值
 109   1          // STMR_PWMVALA &= ~STMR_0_PWMVALA(0x1);
 110   1          STMR_PWMVALA |= STMR_0_PWMVALA(0x1);
 111   1      
 112   1          STMR_CNTMD |= STMR_0_CNT_MODE(0x1); // 连续计数模式
C51 COMPILER V9.60.7.0   MY_TIMER                                                          12/30/2025 09:37:04 PAGE 3   

 113   1          STMR_LOADEN |= STMR_0_LOAD_EN(0x1); // 自动装载使能
 114   1          STMR_CNTCLR |= STMR_0_CNT_CLR(0x1); //
 115   1          STMR_CNTEN |= STMR_0_CNT_EN(0x1);   // 使能
 116   1          STMR_PWMEN |= STMR_0_PWM_EN(0x1);   // PWM输出使能
 117   1          P1_MD1 &= ~GPIO_P16_MODE_SEL(0x03);
 118   1          P1_MD1 |= GPIO_P16_MODE_SEL(0x01);
 119   1          FOUT_S16 = GPIO_FOUT_STMR0_PWMOUT;
 120   1      #endif
 121   1      }


MODULE INFORMATION:   STATIC OVERLAYABLE
   CODE SIZE        =    299    ----
   CONSTANT SIZE    =   ----    ----
   XDATA SIZE       =      2    ----
   PDATA SIZE       =   ----    ----
   DATA SIZE        =   ----    ----
   IDATA SIZE       =   ----    ----
   BIT SIZE         =   ----    ----
END OF MODULE INFORMATION.


C51 COMPILATION COMPLETE.  0 WARNING(S),  0 ERROR(S)
