C51 COMPILER V9.60.7.0   SYSTEM                                                            11/20/2024 14:32:27 PAGE 1   


C51 COMPILER V9.60.7.0, COMPILATION OF MODULE SYSTEM
OBJECT MODULE PLACED IN .\Release\Objects\system.obj
COMPILER INVOKED BY: C:\Keil_v5\C51\BIN\C51.EXE ..\..\Libraries\Source\system.c LARGE OPTIMIZE(8,SPEED) BROWSE INTVECTOR
                    -(0X000C) INCDIR(..\..\Libraries\Include;..\..\User) INTERVAL(3) DEBUG OBJECTEXTEND PRINT(.\Release\Listings\system.lst) 
                    -OBJECT(.\Release\Objects\system.obj)

line level    source

   1          /**
   2            ******************************************************************************
   3            * @file    system.c
   4            * @author  HUGE-IC Application Team
   5            * @version V1.0.0
   6            * @date    01-05-2021
   7            * @brief   Main program body
   8            ******************************************************************************
   9            * @attention
  10            *
  11            * <h2><center>&copy; COPYRIGHT 2021 HUGE-IC</center></h2>
  12            *
  13            *
  14            *
  15            ******************************************************************************
  16            */ 
  17          
  18          /* Includes ------------------------------------------------------------------*/
  19          #include "include.h"
  20          
  21          /** @addtogroup Template_Project
  22            * @{
  23            */
  24            
  25          /* Private typedef -----------------------------------------------------------*/
  26          /* Private define ------------------------------------------------------------*/
  27          /* Private macro -------------------------------------------------------------*/
  28          /* Private variables ---------------------------------------------------------*/
  29          /* Private function prototypes -----------------------------------------------*/
  30          /* Private functions ---------------------------------------------------------*/
  31          
  32          /**
  33            * @brief  Delay function
  34            * @param  cnt : the number of cnt to delay
  35            * @retval None
  36            */
  37          void delay(u16 cnt)
  38          {
  39   1          while(cnt--) {
  40   2          }
  41   1      }
  42          
  43          /**
  44            * @brief  Delay function
  45            * @param  ms : the number of ms to delay
  46            * @retval None
  47            */
  48          void delay_ms(u16 ms)
  49          {
  50   1          while(ms--) {
  51   2              delay(1450);
  52   2          }
  53   1      }
C51 COMPILER V9.60.7.0   SYSTEM                                                            11/20/2024 14:32:27 PAGE 2   

  54          
  55          /**
  56            * @brief  System initialization function
  57            * @param  None
  58            * @retval None
  59            */
  60          void system_init(void)
  61          {
  62   1          u8 i;
  63   1          
  64   1          CLK_ACON0 |= CLK_AIP_HRC_EN(0x1);           // 使能 HIRC
  65   1          __HIRC_DELAY;                               // 该延迟不可删除,等待HIRC稳定并能保证烧录稳定性
  66   1          FLASH_TIMEREG0 = 0x55;
  67   1          FLASH_TIMEREG1 = 0x58;                      // FLASH访问速度 = 系统时钟/3
  68   1          CLK_CON2 = 0x50 | CLK_SYS_DIV(0x0);         // 系统时钟不分频
  69   1          CLK_CON0 = CLK_SYSCLK_SEL(0x3);             // 系统时钟选择 HIRC48M
  70   1          CLK_CON6 = CLK_FLASH_DIV(47);               // FLASH烧写时钟48分频：1M
  71   1          
  72   1          // 初始化寄存器
  73   1          // FOUT_S00 ~ FOUT_SEL
  74   1          for(i=0x18; i<=0x32; i++) {
  75   2              *(unsigned char volatile xdata *)(IOFUNC_BASE + i) = 0x0;
  76   2          }
  77   1          
  78   1          __LOADER_CHIP_TRIM;                         // 装载芯片各个模块校准值
  79   1      }
  80          
  81          /*************************** (C) COPYRIGHT 2021 HUGE-IC ***** END OF FILE *****/


MODULE INFORMATION:   STATIC OVERLAYABLE
   CODE SIZE        =    242    ----
   CONSTANT SIZE    =   ----    ----
   XDATA SIZE       =   ----    ----
   PDATA SIZE       =   ----    ----
   DATA SIZE        =   ----    ----
   IDATA SIZE       =   ----    ----
   BIT SIZE         =   ----    ----
END OF MODULE INFORMATION.


C51 COMPILATION COMPLETE.  0 WARNING(S),  0 ERROR(S)
